2025-04-27 00:30:43,544 - INFO - 크롤러 초기화 시작
2025-04-27 00:30:43,544 - INFO - 크롤러 초기화 완료
2025-04-27 00:30:43,544 - INFO - 크롤링 시작
2025-04-27 00:30:43,544 - INFO - 채용공고 ID 수집 시작
2025-04-27 00:30:43,544 - DEBUG - 검색 URL: https://www.wanted.co.kr/search?query=개발자
2025-04-27 00:30:43,544 - DEBUG - 검색 페이지 요청 시작
2025-04-27 00:30:43,564 - DEBUG - Starting new HTTPS connection (1): www.wanted.co.kr:443
2025-04-27 00:30:43,631 - DEBUG - https://www.wanted.co.kr:443 "GET /search?query=%EA%B0%9C%EB%B0%9C%EC%9E%90 HTTP/1.1" 200 None
2025-04-27 00:30:43,633 - DEBUG - 검색 페이지 응답 상태 코드: 200
2025-04-27 00:30:43,640 - DEBUG - HTML 파싱 완료
2025-04-27 00:30:43,641 - DEBUG - 찾은 채용공고 링크 수: 0
2025-04-27 00:30:43,641 - INFO - 총 0개의 채용공고 ID를 찾았습니다.
2025-04-27 00:30:43,641 - ERROR - 채용공고 ID를 찾을 수 없습니다.
2025-04-27 00:30:43,641 - WARNING - 저장할 데이터가 없습니다.
2025-04-27 00:30:43,641 - INFO - 데이터 분석 시작
2025-04-27 00:30:43,641 - INFO - 데이터 분석 완료
2025-04-27 00:30:43,641 - INFO - 분석 결과 저장 시작: /Users/ik-lpc-050/Desktop/workspace/personal/toesa-lab/wanted_analysis_20250427_003043.json
2025-04-27 00:30:43,642 - INFO - 분석 결과 저장 완료: /Users/ik-lpc-050/Desktop/workspace/personal/toesa-lab/wanted_analysis_20250427_003043.json
2025-04-27 00:30:43,642 - INFO - 
분석 결과:
2025-04-27 00:30:43,642 - INFO - 총 채용공고 수: 0
2025-04-27 00:30:43,642 - INFO - 프론트엔드 채용공고 수: 0
2025-04-27 00:30:43,642 - INFO - 백엔드 채용공고 수: 0
2025-04-27 00:30:43,642 - INFO - 
프론트엔드 주요 키워드:
2025-04-27 00:30:43,642 - INFO - 
백엔드 주요 키워드:
